PID: 3231024@alexey-PC
VM spec: Java Virtual Machine Specification (Oracle Corporation) 15
VM name: OpenJDK 64-Bit Server VM (Private Build) 15-ea+32-Ubuntu-220.04
VM arguments: -Xms12G -Xmx12G -XX:+UseG1GC -Xlog:gc:file=./logs/gc-G1GC-12G-verbose.log:tags,uptime,time,level:filesize=1G
Heap memory usage. Init: 12288.00M, committed: 12288.00M, max: 12288.00M
GC names: G1 Old Generation, G1 Young Generation
new size:1000000
[12094] Minute GC stats:
GC: G1 Old Generation;                                 Collections:   0; time:     0 ms, min/avg/median/99pct/max: 0/0.00/0.00/0.00/0 ms
GC: G1 Young Generation;                               Collections:  33; time:  2512 ms, min/avg/median/99pct/max: 14/76.12/69.00/138.84/143 ms
[12095] Minute GC stats:
GC: G1 Old Generation;                                 Collections:   0; time:     0 ms, min/avg/median/99pct/max: 0/0.00/0.00/0.00/0 ms
GC: G1 Young Generation;                               Collections:  23; time:  2853 ms, min/avg/median/99pct/max: 107/124.04/122.00/157.02/159 ms
[12096] Minute GC stats:
GC: G1 Old Generation;                                 Collections:   0; time:     0 ms, min/avg/median/99pct/max: 0/0.00/0.00/0.00/0 ms
GC: G1 Young Generation;                               Collections:   7; time:   821 ms, min/avg/median/99pct/max: 102/117.29/112.00/142.22/143 ms
Done: 100/100 test cycles
GC stats from getGarbageCollectorMXBeans():
GC: G1 Old Generation;   Collections:   0; time:     0 ms, avg:  0.00 ms
GC: G1 Young Generation; Collections:  63; time:  6182 ms, avg: 98.13 ms

Time: 135,8306 sec
Collected GC stats:
GC: G1 Young Generation (G1 Evacuation Pause);         Collections:  63; time:  6186 ms, min/avg/max: 14/98.19/159 ms
Collections per minute: 27.83; Time per minute: 2.733 s (4.554%)
