PID: 3188477@alexey-PC
VM spec: Java Virtual Machine Specification (Oracle Corporation) 15
VM name: OpenJDK 64-Bit Server VM (Private Build) 15-ea+32-Ubuntu-220.04
VM arguments: -Xms12G -Xmx12G -XX:+UseSerialGC -Xlog:gc:file=./logs/gc-SerialGC-12G-verbose.log:tags,uptime,time,level:filesize=1G
Heap memory usage. Init: 12288.00M, committed: 11878.44M, max: 11878.44M
GC names: Copy, MarkSweepCompact
new size:1000000
[12085] Minute GC stats:
GC: Copy;                                              Collections:  45; time:  7710 ms, min/avg/median/99pct/max: 66/171.33/175.00/294.48/298 ms
GC: MarkSweepCompact;                                  Collections:   0; time:     0 ms, min/avg/median/99pct/max: 0/0.00/0.00/0.00/0 ms
[12086] Minute GC stats:
GC: Copy;                                              Collections:  46; time:  8389 ms, min/avg/median/99pct/max: 63/182.37/179.00/320.15/335 ms
GC: MarkSweepCompact;                                  Collections:   0; time:     0 ms, min/avg/median/99pct/max: 0/0.00/0.00/0.00/0 ms
[12087] Minute GC stats:
GC: Copy;                                              Collections:  15; time:  2741 ms, min/avg/median/99pct/max: 78/182.73/181.00/293.02/294 ms
GC: MarkSweepCompact;                                  Collections:   0; time:     0 ms, min/avg/median/99pct/max: 0/0.00/0.00/0.00/0 ms
Done: 100/100 test cycles
GC stats from getGarbageCollectorMXBeans():
GC: Copy;                Collections: 106; time: 18842 ms, avg: 177.75 ms
GC: MarkSweepCompact;    Collections:   0; time:     0 ms, avg:  0.00 ms

Time: 140,1991 sec
Collected GC stats:
GC: Copy (Allocation Failure);                         Collections: 106; time: 18840 ms, min/avg/max: 63/177.74/335 ms
Collections per minute: 45.36; Time per minute: 8.063 s (13.438%)
